sample.interval=20000
list structure llply unlist indexed_array splitter_a alply pbaSampleMisclassification pbaBiasTables pba 
inherits as.formula model.frame.default model.frame eval eval glm eval eval update.default update pba 
.Call dev.resids glm.fit eval eval glm eval eval update.default update pba 
deparse mode match %in% deparse paste force as.data.frame.numeric as.data.frame data.frame pbaSampleMisclassification pbaBiasTables pba 
substr data.frame pbaBackCalculate pbaCalculatePredictiveValuesInternal pbaCalculatePredictiveValues pba 
.Call linkinv glm.fit eval eval glm eval eval update.default update pba 
dbinom aic glm.fit eval eval glm eval eval update.default update pba 
anyDuplicated [.data.frame [ pbaSampleMisclassification pbaBiasTables pba 
.Fortran glm.fit eval eval glm eval eval update.default update pba 
- glm.fit eval eval glm eval eval update.default update pba 
.row_names_info [.data.frame [ eval eval [[.indexed_array [[ <Anonymous> .Call loop_apply llply alply pbaSampleMisclassification pbaBiasTables pba 
as.character names<- model.response glm eval eval update.default update pba 
.Call dev.resids glm.fit eval eval glm eval eval update.default update pba 
[ is.vector amv_dim dims match %in% splitter_a alply pbaSampleMisclassification pbaBiasTables pba 
== model.response glm eval eval update.default update pba 
.Fortran glm.fit eval eval glm eval eval update.default update pba 
data.frame pbaBackCalculate pbaCalculatePredictiveValuesInternal pbaCalculatePredictiveValues pba 
glm.fit eval eval glm eval eval update.default update pba 
glm.fit eval eval glm eval eval update.default update pba 
glm.fit eval eval glm eval eval update.default update pba 
glm.fit eval eval glm eval eval update.default update pba 
glm.fit eval eval glm eval eval update.default update pba 
glm.fit eval eval glm eval eval update.default update pba 
glm.fit eval eval glm eval eval update.default update pba 
glm.fit eval eval glm eval eval update.default update pba 
FUN lapply sapply mean.data.frame mean as.list .fun <Anonymous> .Call loop_apply llply alply pbaSampleMisclassification pbaBiasTables pba 
.Fortran glm.fit eval eval glm eval eval update.default update pba 
as.data.frame data.frame pbaBackCalculate pbaCalculatePredictiveValuesInternal pbaCalculatePredictiveValues pba 
glm.fit eval eval glm eval eval update.default update pba 
unlist sapply mean.data.frame mean as.list .fun <Anonymous> .Call loop_apply llply alply pbaSampleMisclassification pbaBiasTables pba 
glm.fit eval eval glm eval eval update.default update pba 
- [.data.frame [ paste [[.indexed_array [[ <Anonymous> .Call loop_apply llply alply pbaSampleMisclassification pbaBiasTables pba 
drop glm.fit eval eval glm eval eval update.default update pba 
as.character factor table pbaCalculatePredictiveValuesInternal pbaCalculatePredictiveValues pba 
vector double glm.fit eval eval glm eval eval update.default update pba 
llply alply pbaSampleMisclassification pbaBiasTables pba 
vector double glm.fit eval eval glm eval eval update.default update pba 
as.character factor table pbaCalculatePredictiveValuesInternal pbaCalculatePredictiveValues pba 
as.character names<- model.response glm eval eval update.default update pba 
<Anonymous> [[.data.frame [[ [.data.frame [ paste [[.indexed_array [[ <Anonymous> .Call loop_apply llply alply pbaSampleMisclassification pbaBiasTables pba 
glm.fit eval eval glm eval eval update.default update pba 
unique.default unique sapply expand.grid splitter_a alply pbaSampleMisclassification pbaBiasTables pba 
lapply sapply model.matrix.default model.matrix glm eval eval update.default update pba 
drop glm.fit eval eval glm eval eval update.default update pba 
== which pbaIterateMisclassification pba 
ifelse residuals.glm residuals summary.glm summary pba 
as.character factor table pbaCalculatePredictiveValuesInternal pbaCalculatePredictiveValues pba 
dbinom aic glm.fit eval eval glm eval eval update.default update pba 
== pbaIterateMisclassification pba 
.Fortran glm.fit eval eval glm eval eval update.default update pba 
as.character factor table pbaCalculatePredictiveValuesInternal pbaCalculatePredictiveValues pba 
| eval eval glm.fit eval eval glm eval eval update.default update pba 
dimnames dimnames rownames names.indexed_array names names llply alply pbaSampleMisclassification pbaBiasTables pba 
== glm.fit eval eval glm eval eval update.default update pba 
$ residuals.glm residuals summary.glm summary pba 
glm eval eval update.default update pba 
sqrt glm.fit eval eval glm eval eval update.default update pba 
table pbaCalculatePredictiveValuesInternal pbaCalculatePredictiveValues pba 
names names [.data.frame [ which pbaIterateMisclassification pba 
glm eval eval update.default update pba 
- [[.data.frame [[ [.data.frame [ pbaSampleMisclassification pbaBiasTables pba 
glm.fit eval eval glm eval eval update.default update pba 
anyDuplicated.default anyDuplicated [<-.data.frame [<- pbaIterateMisclassification pba 
/ glm.fit eval eval glm eval eval update.default update pba 
[.data.frame [ pbaSampleMisclassification pbaBiasTables pba 
as.matrix glm.fit eval eval glm eval eval update.default update pba 
rbinom pbaIterateMisclassification pba 
glm.fit eval eval glm eval eval update.default update pba 
match factor table pbaCalculatePredictiveValuesInternal pbaCalculatePredictiveValues pba 
- variance glm.fit eval eval glm eval eval update.default update pba 
[.data.frame [ is.vector amv_dim dims match %in% splitter_a alply pbaSampleMisclassification pbaBiasTables pba 
.Fortran glm.fit eval eval glm eval eval update.default update pba 
as.character factor table pbaCalculatePredictiveValuesInternal pbaCalculatePredictiveValues pba 
length length vector [.data.frame [ na.omit.data.frame na.omit model.frame.default model.frame eval eval glm eval eval update.default update pba 
[.data.frame [ paste [[.indexed_array [[ <Anonymous> .Call loop_apply llply alply pbaSampleMisclassification pbaBiasTables pba 
.Fortran glm.fit eval eval glm eval eval update.default update pba 
glm eval eval update.default update pba 
formula.glm formula inherits as.formula update.formula update.default update pba 
!= glm.fit eval eval glm eval eval update.default update pba 
as.character factor table pbaCalculatePredictiveValuesInternal pbaCalculatePredictiveValues pba 
names<- glm.fit eval eval glm eval eval update.default update pba 
row.names<-.data.frame row.names<- rownames<- unrowname splitter_a alply pbaSampleMisclassification pbaBiasTables pba 
glm.fit eval eval glm eval eval update.default update pba 
summary.glm summary pba 
| na.omit.data.frame na.omit model.frame.default model.frame eval eval glm eval eval update.default update pba 
vector double glm.fit eval eval glm eval eval update.default update pba 
sum .deparseOpts deparse paste force as.data.frame.numeric as.data.frame data.frame pbaBackCalculate pbaCalculatePredictiveValuesInternal pbaCalculatePredictiveValues pba 
.Call mu.eta glm.fit eval eval glm eval eval update.default update pba 
as.character pmatch var FUN lapply sapply sd as.list .fun <Anonymous> .Call loop_apply llply alply pbaSampleMisclassification pbaBiasTables pba 
.Call linkinv glm.fit eval eval glm eval eval update.default update pba 
attr<- data.frame pbaBackCalculate pbaCalculatePredictiveValuesInternal pbaCalculatePredictiveValues pba 
! glm.fit eval eval glm eval eval update.default update pba 
unique.default unique sapply array apply pbaSampleMisclassification pbaBiasTables pba 
as.matrix glm.fit eval eval glm eval eval update.default update pba 
as.list .fun <Anonymous> .Call loop_apply llply alply pbaSampleMisclassification pbaBiasTables pba 
%*% drop glm.fit eval eval glm eval eval update.default update pba 
anyDuplicated [.data.frame [ pbaSampleMisclassification pbaBiasTables pba 
glm.fit eval eval glm eval eval update.default update pba 
all [[.data.frame [[ [.data.frame [ paste [[.indexed_array [[ <Anonymous> .Call loop_apply llply alply pbaSampleMisclassification pbaBiasTables pba 
- glm.fit eval eval glm eval eval update.default update pba 
! ifelse residuals.glm residuals summary.glm summary pba 
as.data.frame data.frame pbaBackCalculate pbaCalculatePredictiveValuesInternal pbaCalculatePredictiveValues pba 
pbaAddIter pbaSampleMisclassification pbaBiasTables pba 
glm eval eval update.default update pba 
glm.fit eval eval glm eval eval update.default update pba 
match %in% structure [.data.frame [ cbind pbaCalculatePredictiveValues pba 
is.na glm.fit eval eval glm eval eval update.default update pba 
is.vector sd FUN apply pbaSampleMisclassification pbaBiasTables pba 
.Fortran glm.fit eval eval glm eval eval update.default update pba 
attributes structure splitter_a alply pbaSampleMisclassification pbaBiasTables pba 
glm.fit eval eval glm eval eval update.default update pba 
! ifelse residuals.glm residuals summary.glm summary pba 
stopifnot srcfilecopy parse eval formula formula.character formula fixFormulaObject terms.formula formula update.formula update.default update pba 
summary.glm summary pba 
as.data.frame.numeric as.data.frame data.frame pbaBackCalculate pbaCalculatePredictiveValuesInternal pbaCalculatePredictiveValues pba 
! ifelse residuals.glm residuals summary.glm summary pba 
prod apply pbaSampleMisclassification pbaBiasTables pba 
dev.resids glm.fit eval eval glm eval eval update.default update pba 
[.data.frame [ mapply splitter_a alply pbaSampleMisclassification pbaBiasTables pba 
glm.fit eval eval glm eval eval update.default update pba 
stopifnot var sd FUN apply pbaSampleMisclassification pbaBiasTables pba 
/ glm.fit eval eval glm eval eval update.default update pba 
anyDuplicated [.data.frame [ eval eval [[.indexed_array [[ <Anonymous> .Call loop_apply llply alply pbaSampleMisclassification pbaBiasTables pba 
> glm.fit eval eval glm eval eval update.default update pba 
names [.data.frame [ pbaSampleMisclassification pbaBiasTables pba 
* glm.fit eval eval glm eval eval update.default update pba 
as.list .fun <Anonymous> .Call loop_apply llply alply pbaSampleMisclassification pbaBiasTables pba 
.Call dev.resids glm.fit eval eval glm eval eval update.default update pba 
ifelse residuals.glm residuals summary.glm summary pba 
names names [.data.frame [ pbaIterateMisclassification pba 
data.frame splitter_a alply pbaSampleMisclassification pbaBiasTables pba 
glm.fit eval eval glm eval eval update.default update pba 
glm eval eval update.default update pba 
terms.formula formula update.formula update.default update pba 
structure [.data.frame [ is.vector lapply .getXlevels glm eval eval update.default update pba 
.deparseOpts deparse data.frame pbaBackCalculate pbaCalculatePredictiveValuesInternal pbaCalculatePredictiveValues pba 
& ifelse residuals.glm residuals summary.glm summary pba 
%in% [[.data.frame [[ model.frame.default model.frame eval eval glm eval eval update.default update pba 
vector double glm.fit eval eval glm eval eval update.default update pba 
data.frame pbaBackCalculate pbaCalculatePredictiveValuesInternal pbaCalculatePredictiveValues pba 
glm.fit eval eval glm eval eval update.default update pba 
pmatch var sd FUN apply pbaSampleMisclassification pbaBiasTables pba 
* glm.fit eval eval glm eval eval update.default update pba 
as.list.default as.list .fun <Anonymous> .Call loop_apply llply alply pbaSampleMisclassification pbaBiasTables pba 
attr<- as.list.data.frame as.list lapply sapply model.matrix.default model.matrix glm eval eval update.default update pba 
.Call dev.resids glm.fit eval eval glm eval eval update.default update pba 
pbaBackCalculate pbaCalculatePredictiveValuesInternal pbaCalculatePredictiveValues pba 
== glm.fit eval eval glm eval eval update.default update pba 
vector integer data.frame eval eval as.data.frame.list as.data.frame data.frame splitter_a alply pbaSampleMisclassification pbaBiasTables pba 
!= glm.fit eval eval glm eval eval update.default update pba 
unique.default unique sapply .getXlevels glm eval eval update.default update pba 
rbinom pbaIterateMisclassification pba 
match as.data.frame.list as.data.frame data.frame splitter_a alply pbaSampleMisclassification pbaBiasTables pba 
pbaIterateMisclassification pba 
list glm.fit eval eval glm eval eval update.default update pba 
pbaIterateMisclassification pba 
- glm.fit eval eval glm eval eval update.default update pba 
as.character factor table pbaCalculatePredictiveValuesInternal pbaCalculatePredictiveValues pba 
glm eval eval update.default update pba 
binomial glm eval eval update.default update pba 
* glm.fit eval eval glm eval eval update.default update pba 
as.character factor table pbaCalculatePredictiveValuesInternal pbaCalculatePredictiveValues pba 
== glm.fit eval eval glm eval eval update.default update pba 
structure [.data.frame [ mapply splitter_a alply pbaSampleMisclassification pbaBiasTables pba 
glm.fit eval eval glm eval eval update.default update pba 
> .set_row_names as.data.frame.numeric as.data.frame data.frame pbaBackCalculate pbaCalculatePredictiveValuesInternal pbaCalculatePredictiveValues pba 
model.matrix.default model.matrix glm eval eval update.default update pba 
data.frame eval eval as.data.frame.list as.data.frame data.frame splitter_a alply pbaSampleMisclassification pbaBiasTables pba 
glm.fit eval eval glm eval eval update.default update pba 
.deparseOpts deparse data.frame pbaSampleMisclassification pbaBiasTables pba 
as.character names<- model.response glm eval eval update.default update pba 
^ glm.fit eval eval glm eval eval update.default update pba 
substr data.frame pbaBackCalculate pbaCalculatePredictiveValuesInternal pbaCalculatePredictiveValues pba 
colnames<- glm.fit eval eval glm eval eval update.default update pba 
unique sapply sd as.list .fun <Anonymous> .Call loop_apply llply alply pbaSampleMisclassification pbaBiasTables pba 
.Fortran glm.fit eval eval glm eval eval update.default update pba 
<Anonymous> [[.data.frame [[ [.data.frame [ unrowname splitter_a alply pbaSampleMisclassification pbaBiasTables pba 
model.matrix.default model.matrix glm eval eval update.default update pba 
$ glm.fit eval eval glm eval eval update.default update pba 
data.frame cbind cbind pbaCalculatePredictiveValues pba 
anyDuplicated [.data.frame [ is.vector amv_dim dims match %in% splitter_a alply pbaSampleMisclassification pbaBiasTables pba 
model.matrix.default model.matrix glm eval eval update.default update pba 
! ifelse aic glm.fit eval eval glm eval eval update.default update pba 
data.frame cbind cbind pbaCalculatePredictiveValues pba 
structure [.data.frame [ is.vector amv_dim dims match %in% splitter_a alply pbaSampleMisclassification pbaBiasTables pba 
as.character factor table pbaCalculatePredictiveValuesInternal pbaCalculatePredictiveValues pba 
as.character factor table pbaCalculatePredictiveValuesInternal pbaCalculatePredictiveValues pba 
as.character factor table pbaCalculatePredictiveValuesInternal pbaCalculatePredictiveValues pba 
as.character factor table pbaCalculatePredictiveValuesInternal pbaCalculatePredictiveValues pba 
as.character factor table pbaCalculatePredictiveValuesInternal pbaCalculatePredictiveValues pba 
as.character factor table pbaCalculatePredictiveValuesInternal pbaCalculatePredictiveValues pba 
as.character factor table pbaCalculatePredictiveValuesInternal pbaCalculatePredictiveValues pba 
as.character factor table pbaCalculatePredictiveValuesInternal pbaCalculatePredictiveValues pba 
.Call mu.eta glm.fit eval eval glm eval eval update.default update pba 
paste force as.data.frame.numeric as.data.frame data.frame pbaBackCalculate pbaCalculatePredictiveValuesInternal pbaCalculatePredictiveValues pba 
rep.int glm.fit eval eval glm eval eval update.default update pba 
as.matrix.data.frame as.matrix apply pbaSampleMisclassification pbaBiasTables pba 
.Fortran glm.fit eval eval glm eval eval update.default update pba 
[.data.frame [ pbaIterateMisclassification pba 
* glm.fit eval eval glm eval eval update.default update pba 
as.list data.frame pbaBackCalculate pbaCalculatePredictiveValuesInternal pbaCalculatePredictiveValues pba 
.Call .row_names_info structure [.data.frame [ do.call splitter_a alply pbaSampleMisclassification pbaBiasTables pba 
pbaIterateConfounding pba 
.Fortran glm.fit eval eval glm eval eval update.default update pba 
== which pbaIterateMisclassification pba 
glm.fit eval eval glm eval eval update.default update pba 
factor table pbaCalculatePredictiveValuesInternal pbaCalculatePredictiveValues pba 
$ summary.glm summary pba 
pbaIterateConfounding pba 
.Call dev.resids glm.fit eval eval glm eval eval update.default update pba 
deparse data.frame pbaBackCalculate pbaCalculatePredictiveValuesInternal pbaCalculatePredictiveValues pba 
.Fortran glm.fit eval eval glm eval eval update.default update pba 
all [.data.frame [ table pbaCalculatePredictiveValuesInternal pbaCalculatePredictiveValues pba 
ifelse aic glm.fit eval eval glm eval eval update.default update pba 
list data.frame splitter_a alply pbaSampleMisclassification pbaBiasTables pba 
.Fortran glm.fit eval eval glm eval eval update.default update pba 
match factor table pbaCalculatePredictiveValuesInternal pbaCalculatePredictiveValues pba 
eval eval glm.fit eval eval glm eval eval update.default update pba 
FUN apply pbaSampleMisclassification pbaBiasTables pba 
: pbaIterateConfounding pba 
$ paste [[.indexed_array [[ <Anonymous> .Call loop_apply llply alply pbaSampleMisclassification pbaBiasTables pba 
* eval eval glm.fit eval eval glm eval eval update.default update pba 
! ifelse residuals.glm residuals summary.glm summary pba 
<Anonymous> [[.data.frame [[ [.data.frame [ na.omit.data.frame na.omit model.frame.default model.frame eval eval glm eval eval update.default update pba 
glm.fit eval eval glm eval eval update.default update pba 
$ which pbaIterateMisclassification pba 
& glm.fit eval eval glm eval eval update.default update pba 
as.character factor table pbaCalculatePredictiveValuesInternal pbaCalculatePredictiveValues pba 
pmatch .deparseOpts deparse mode match %in% deparse identical model.frame.default model.frame eval eval glm eval eval update.default update pba 
row.names<- rownames<- unrowname splitter_a alply pbaSampleMisclassification pbaBiasTables pba 
glm.fit eval eval glm eval eval update.default update pba 
data.frame pbaSampleMisclassification pbaBiasTables pba 
unique sapply model.matrix.default model.matrix glm eval eval update.default update pba 
all [[.data.frame [[ rbind.fill list_to_dataframe ldply pbaBiasListsTables pba 
rbind.fill list_to_dataframe ldply pbaBiasListsTables pba 
unlist unique sapply t pba 
